-------------------------------------------
Batch: 0
-------------------------------------------
+--------------------+-----+
|            customer|score|
+--------------------+-----+
|Jason.Jackson@tes...| -2.5|
|Edward.Jackson@te...| 13.0|
|  Lyn.Ahmed@test.com|-14.5|
| Jane.Clark@test.com|-33.5|
|Ashley.Jefferson@...| 31.5|
|Spencer.Harris@te...| -4.0|
|  Ben.Clark@test.com| -3.0|
|John.Anderson@tes...| -2.5|
|David.Jones@test.com| -4.5|
| Jason.Huey@test.com| -4.5|
|Suresh.Mitra@test...| -4.0|
|Jacob.Spencer@tes...| -5.0|
|Chris.Davis@test.com| -4.5|
|Santosh.Davis@tes...| -1.5|
|Senthil.Lincoln@t...| -4.0|
| Angie.Huey@test.com| -5.0|
|Craig.Harris@test...| 10.0|
|Spencer.Spencer@t...| 13.5|
|Frank.Fibonnaci@t...| 18.5|
|Ashley.Gonzalez@t...|-19.5|
+--------------------+-----+
only showing top 20 rows

-------------------------------------------
Batch: 1
-------------------------------------------
+--------------------+-----+
|            customer|score|
+--------------------+-----+
|Angie.Aristotle@t...| -5.0|
|Gail.Anderson@tes...| -2.5|
|Neeraj.Lincoln@te...| -5.5|
+--------------------+-----+

-------------------------------------------
Batch: 2
-------------------------------------------
+--------------------+-----+
|            customer|score|
+--------------------+-----+
|Jane.Clayton@test...| -3.5|
+--------------------+-----+

-------------------------------------------
Batch: 3
-------------------------------------------
+--------------------+-----+
|            customer|score|
+--------------------+-----+
|Jacob.Fibonnaci@t...|  0.0|
+--------------------+-----+

-------------------------------------------
Batch: 4
-------------------------------------------
+--------------------+-----+
|            customer|score|
+--------------------+-----+
|Suresh.Habschied@...|  6.0|
+--------------------+-----+

-------------------------------------------
Batch: 5
-------------------------------------------
+--------------------+-----+
|            customer|score|
+--------------------+-----+
|Craig.Mitra@test.com| -9.0|
+--------------------+-----+

-------------------------------------------
Batch: 6
-------------------------------------------
+--------------------+-----+
|            customer|score|
+--------------------+-----+
|Jane.Khatib@test.com|-18.5|
+--------------------+-----+

