-------------------------------------------
Batch: 0
-------------------------------------------
+--------------------+---------+
|               email|birthYear|
+--------------------+---------+
|  xlsarath@gmail.com|     1960|
|Jason.Jackson@tes...|     1965|
|Edward.Jackson@te...|     1964|
|  Lyn.Ahmed@test.com|     1963|
| Jane.Clark@test.com|     1962|
|Ashley.Jefferson@...|     1961|
|Spencer.Harris@te...|     1960|
|  Ben.Clark@test.com|     1959|
|John.Anderson@tes...|     1958|
|David.Jones@test.com|     1957|
| Jason.Huey@test.com|     1956|
|Suresh.Mitra@test...|     1955|
|Jacob.Spencer@tes...|     1954|
|Chris.Davis@test.com|     1953|
|Santosh.Davis@tes...|     1952|
|Senthil.Lincoln@t...|     1951|
|Craig.Harris@test...|     1949|
|Spencer.Spencer@t...|     1948|
|Frank.Fibonnaci@t...|     1947|
|  Dan.Jones@test.com|     1945|
+--------------------+---------+
only showing top 20 rows

-------------------------------------------
Batch: 1
-------------------------------------------
+-----+---------+
|email|birthYear|
+-----+---------+
+-----+---------+

-------------------------------------------
Batch: 2
-------------------------------------------
+-----+---------+
|email|birthYear|
+-----+---------+
+-----+---------+

-------------------------------------------
Batch: 3
-------------------------------------------
+-----+---------+
|email|birthYear|
+-----+---------+
+-----+---------+

-------------------------------------------
Batch: 4
-------------------------------------------
+-----+---------+
|email|birthYear|
+-----+---------+
+-----+---------+

-------------------------------------------
Batch: 5
-------------------------------------------
+-----+---------+
|email|birthYear|
+-----+---------+
+-----+---------+

-------------------------------------------
Batch: 6
-------------------------------------------
+-----+---------+
|email|birthYear|
+-----+---------+
+-----+---------+

-------------------------------------------
Batch: 7
-------------------------------------------
+-----+---------+
|email|birthYear|
+-----+---------+
+-----+---------+

-------------------------------------------
Batch: 8
-------------------------------------------
+-----+---------+
|email|birthYear|
+-----+---------+
+-----+---------+

-------------------------------------------
Batch: 9
-------------------------------------------
+-----+---------+
|email|birthYear|
+-----+---------+
+-----+---------+

