Spark Command: /usr/lib/jvm/java-8-openjdk-amd64/jre/bin/java -cp /opt/spark-2.3.4-bin-hadoop2.7/conf/:/opt/spark-2.3.4-bin-hadoop2.7/jars/* -Xmx1g org.apache.spark.deploy.master.Master --host 8791ae24048d --port 7077 --webui-port 8080
========================================
2021-07-20 05:32:51 INFO  Master:2612 - Started daemon with process name: 1847@8791ae24048d
2021-07-20 05:32:51 INFO  SignalUtils:54 - Registered signal handler for TERM
2021-07-20 05:32:51 INFO  SignalUtils:54 - Registered signal handler for HUP
2021-07-20 05:32:51 INFO  SignalUtils:54 - Registered signal handler for INT
2021-07-20 05:32:52 WARN  NativeCodeLoader:62 - Unable to load native-hadoop library for your platform... using builtin-java classes where applicable
2021-07-20 05:32:53 INFO  SecurityManager:54 - Changing view acls to: root
2021-07-20 05:32:53 INFO  SecurityManager:54 - Changing modify acls to: root
2021-07-20 05:32:53 INFO  SecurityManager:54 - Changing view acls groups to: 
2021-07-20 05:32:53 INFO  SecurityManager:54 - Changing modify acls groups to: 
2021-07-20 05:32:53 INFO  SecurityManager:54 - SecurityManager: authentication disabled; ui acls disabled; users  with view permissions: Set(root); groups with view permissions: Set(); users  with modify permissions: Set(root); groups with modify permissions: Set()
2021-07-20 05:32:53 INFO  Utils:54 - Successfully started service 'sparkMaster' on port 7077.
2021-07-20 05:32:54 INFO  Master:54 - Starting Spark master at spark://8791ae24048d:7077
2021-07-20 05:32:54 INFO  Master:54 - Running Spark version 2.3.4
2021-07-20 05:32:54 INFO  log:192 - Logging initialized @3788ms
2021-07-20 05:32:54 INFO  Server:351 - jetty-9.3.z-SNAPSHOT, build timestamp: unknown, git hash: unknown
2021-07-20 05:32:54 INFO  Server:419 - Started @3958ms
2021-07-20 05:32:54 INFO  AbstractConnector:278 - Started ServerConnector@404736b4{HTTP/1.1,[http/1.1]}{0.0.0.0:8080}
2021-07-20 05:32:54 INFO  Utils:54 - Successfully started service 'MasterUI' on port 8080.
2021-07-20 05:32:54 INFO  ContextHandler:781 - Started o.s.j.s.ServletContextHandler@1d88ca29{/app,null,AVAILABLE,@Spark}
2021-07-20 05:32:54 INFO  ContextHandler:781 - Started o.s.j.s.ServletContextHandler@76481e02{/app/json,null,AVAILABLE,@Spark}
2021-07-20 05:32:54 INFO  ContextHandler:781 - Started o.s.j.s.ServletContextHandler@3ed7efa1{/,null,AVAILABLE,@Spark}
2021-07-20 05:32:54 INFO  ContextHandler:781 - Started o.s.j.s.ServletContextHandler@60a60fc8{/json,null,AVAILABLE,@Spark}
2021-07-20 05:32:54 INFO  ContextHandler:781 - Started o.s.j.s.ServletContextHandler@5628a5d0{/static,null,AVAILABLE,@Spark}
2021-07-20 05:32:54 INFO  ContextHandler:781 - Started o.s.j.s.ServletContextHandler@24ff7912{/app/kill,null,AVAILABLE,@Spark}
2021-07-20 05:32:54 INFO  ContextHandler:781 - Started o.s.j.s.ServletContextHandler@6716e012{/driver/kill,null,AVAILABLE,@Spark}
2021-07-20 05:32:54 INFO  MasterWebUI:54 - Bound MasterWebUI to 0.0.0.0, and started at http://8791ae24048d:8080
2021-07-20 05:32:54 INFO  Server:351 - jetty-9.3.z-SNAPSHOT, build timestamp: unknown, git hash: unknown
2021-07-20 05:32:54 INFO  ContextHandler:781 - Started o.s.j.s.ServletContextHandler@67d2d207{/,null,AVAILABLE}
2021-07-20 05:32:54 INFO  AbstractConnector:278 - Started ServerConnector@3d960009{HTTP/1.1,[http/1.1]}{8791ae24048d:6066}
2021-07-20 05:32:54 INFO  Server:419 - Started @4268ms
2021-07-20 05:32:54 INFO  Utils:54 - Successfully started service on port 6066.
2021-07-20 05:32:54 INFO  StandaloneRestServer:54 - Started REST server for submitting applications on port 6066
2021-07-20 05:32:54 INFO  ContextHandler:781 - Started o.s.j.s.ServletContextHandler@47677626{/metrics/master/json,null,AVAILABLE,@Spark}
2021-07-20 05:32:54 INFO  ContextHandler:781 - Started o.s.j.s.ServletContextHandler@63b194d0{/metrics/applications/json,null,AVAILABLE,@Spark}
2021-07-20 05:32:55 INFO  Master:54 - I have been elected leader! New state: ALIVE
2021-07-20 05:33:43 INFO  Master:54 - Registering worker 172.18.0.2:41779 with 2 cores, 6.3 GB RAM
